2020-06-27 00:02:39 DEBUG AccountController:26 - Start register process...
2020-06-27 00:02:39 DEBUG AccountServiceImpl:26 - Sending create account event to account service...
2020-06-27 10:05:06 DEBUG AccountController:26 - Start register process...
2020-06-27 10:05:06 DEBUG AccountServiceImpl:26 - Sending create account event to account service...
2020-06-27 10:07:01 DEBUG AccountController:26 - Start register process...
2020-06-27 10:07:01 DEBUG AccountServiceImpl:26 - Sending create account event to account service...
2020-06-27 12:18:41 DEBUG AccountController:26 - Start register process...
2020-06-27 12:18:41 DEBUG AccountServiceImpl:26 - Sending create account event to account service...
2020-06-27 12:41:56 DEBUG AccountController:26 - Start register process...
2020-06-27 12:41:56 DEBUG AccountServiceImpl:31 - Sending create account event to account service...
2020-06-27 12:41:57 DEBUG AccountController:34 - Account with username [dawdaw] was created
2020-06-27 12:43:28 DEBUG AccountController:26 - Start register process...
2020-06-27 12:43:28 DEBUG AccountServiceImpl:31 - Sending create account event to account service...
2020-06-27 12:43:28 DEBUG AccountController:34 - Account with username [dawdaw] was created
2020-06-27 12:44:29 DEBUG AccountController:26 - Start register process...
2020-06-27 12:44:29 DEBUG AccountServiceImpl:31 - Sending create account event to account service...
2020-06-27 12:44:29 DEBUG AccountController:34 - Account with username [dawdaw] was created
2020-06-27 12:50:38 DEBUG AccountController:26 - Start register process...
2020-06-27 12:50:38 DEBUG AccountServiceImpl:31 - Sending create account event to account service...
2020-06-27 12:50:38 DEBUG AccountController:34 - Account with username [dawdaw] was created
2020-06-27 13:13:01 DEBUG AccountController:26 - Start register process...
2020-06-27 13:13:01 DEBUG AccountServiceImpl:31 - Sending create account event to account service...
2020-06-27 13:22:16 DEBUG AccountController:26 - Start register process...
2020-06-27 13:22:16 DEBUG AccountServiceImpl:32 - Sending create account event to account service...
2020-06-27 13:23:24 DEBUG AccountController:26 - Start register process...
2020-06-27 13:23:24 DEBUG AccountServiceImpl:32 - Sending create account event to account service...
2020-06-27 13:24:22 DEBUG AccountController:26 - Start register process...
2020-06-27 13:24:22 DEBUG AccountServiceImpl:32 - Sending create account event to account service...
2020-06-27 13:24:53 DEBUG AccountController:26 - Start register process...
2020-06-27 13:24:53 DEBUG AccountServiceImpl:32 - Sending create account event to account service...
2020-06-27 13:25:28 DEBUG AccountController:26 - Start register process...
2020-06-27 13:25:28 DEBUG AccountServiceImpl:32 - Sending create account event to account service...
2020-06-27 13:27:11 DEBUG AccountController:26 - Start register process...
2020-06-27 13:27:11 DEBUG AccountServiceImpl:32 - Sending create account event to account service...
2020-06-27 19:40:19 DEBUG AccountController:26 - Start register process...
2020-06-27 19:40:19 DEBUG AccountServiceImpl:32 - Sending create account event to account service...
2020-06-27 19:44:46 DEBUG AccountController:26 - Start register process...
2020-06-27 19:44:46 DEBUG AccountServiceImpl:36 - Sending create account event to account service...
2020-06-27 19:46:36 DEBUG AccountController:26 - Start register process...
2020-06-27 19:46:36 DEBUG AccountServiceImpl:36 - Sending create account event to account service...
2020-06-27 19:49:55 DEBUG AccountController:26 - Start register process...
2020-06-27 19:49:55 DEBUG AccountServiceImpl:36 - Sending create account event to account service...
2020-06-27 19:50:36 DEBUG AccountController:26 - Start register process...
2020-06-27 19:50:36 DEBUG AccountServiceImpl:36 - Sending create account event to account service...
2020-06-27 19:51:14 DEBUG AccountController:26 - Start register process...
2020-06-27 19:51:14 DEBUG AccountServiceImpl:36 - Sending create account event to account service...
2020-06-27 19:51:29 DEBUG AccountController:26 - Start register process...
2020-06-27 19:51:29 DEBUG AccountServiceImpl:36 - Sending create account event to account service...
2020-06-27 20:04:14 DEBUG AccountController:26 - Start register process...
2020-06-27 20:04:14 DEBUG AccountServiceImpl:36 - Sending create account event to account service...
2020-06-27 20:04:53 DEBUG AccountController:26 - Start register process...
2020-06-27 20:04:53 DEBUG AccountServiceImpl:36 - Sending create account event to account service...
2020-06-27 20:05:26 DEBUG AccountController:26 - Start register process...
2020-06-27 20:05:26 DEBUG AccountServiceImpl:36 - Sending create account event to account service...
2020-06-27 20:05:26 DEBUG AccountServiceImpl:40 - Got response from account service + {"username":"randomusername","password":"eawawda","fullName":"awdawdawda"}
2020-06-27 20:05:26 DEBUG AccountController:34 - Account with username [dawdawd] was created
2020-06-27 20:19:14 DEBUG AccountController:26 - Start register process...
2020-06-27 20:19:14 DEBUG AccountServiceImpl:36 - Sending create account event to account service...
2020-06-27 20:19:15 DEBUG AccountServiceImpl:40 - Got response from account service + {"username":"randomusername","password":"eawawda","fullName":"awdawdawda"}
2020-06-27 20:20:32 DEBUG AccountController:26 - Start register process...
2020-06-27 20:20:32 DEBUG AccountServiceImpl:36 - Sending create account event to account service...
2020-06-27 20:20:32 DEBUG AccountServiceImpl:40 - Got response from account service + {"username":"randomusername","password":"eawawda","fullName":"awdawdawda"}
2020-06-27 20:21:23 DEBUG AccountController:26 - Start register process...
2020-06-27 20:21:23 DEBUG AccountServiceImpl:36 - Sending create account event to account service...
2020-06-27 20:21:23 DEBUG AccountServiceImpl:40 - Got response from account service + {"username":"randomusername","password":"eawawda","fullName":"awdawdawda"}
2020-06-27 20:22:43 DEBUG AccountController:26 - Start register process...
2020-06-27 20:22:43 DEBUG AccountServiceImpl:36 - Sending create account event to account service...
2020-06-27 20:22:43 DEBUG AccountServiceImpl:40 - Got response from account service + {"username":"randomusername","password":"eawawda","fullName":"awdawdawda"}
2020-06-27 20:24:30 DEBUG AccountController:26 - Start register process...
2020-06-27 20:24:30 DEBUG AccountServiceImpl:36 - Sending create account event to account service...
2020-06-27 20:24:30 DEBUG AccountServiceImpl:40 - Got response from account service + {"username":"randomusername","password":"eawawda","fullName":"awdawdawda"}
2020-06-27 20:29:31 DEBUG AccountController:26 - Start register process...
2020-06-27 20:29:31 DEBUG AccountServiceImpl:36 - Sending create account event to account service...
2020-06-27 20:29:31 DEBUG AccountServiceImpl:40 - Got response from account service + {"username":"randomusername","password":"eawawda","full_name":"awdawdawda"}
2020-06-27 20:29:31 DEBUG AccountController:34 - Account with username [randomusername] was created
2020-06-27 21:45:55 DEBUG AccountController:26 - Start register process...
2020-06-27 21:45:55 DEBUG AccountServiceImpl:36 - Sending create account event to account service...
2020-06-28 18:27:12 DEBUG AccountController:26 - Start register process...
2020-06-28 18:27:12 DEBUG AccountServiceImpl:36 - Sending create account event to account service...
2020-06-28 18:27:52 DEBUG AccountController:26 - Start register process...
2020-06-28 18:27:52 DEBUG AccountServiceImpl:36 - Sending create account event to account service...
2020-06-28 18:27:52 DEBUG AccountServiceImpl:40 - Got response from account service + {"username":"randomusername","password":"eawawda","full_name":"awdawdawda"}
2020-06-28 18:27:52 DEBUG AccountController:34 - Account with username [randomusername] was created
2020-06-28 18:45:39 DEBUG AccountController:26 - Start register process...
2020-06-28 18:45:39 DEBUG AccountServiceImpl:36 - Sending create account event to account service...
2020-06-28 18:45:40 DEBUG AccountServiceImpl:40 - Got response from account service + {"username":"randomusername","password":"eawawda","full_name":"awdawdawda"}
2020-06-28 18:45:40 DEBUG AccountController:34 - Account with username [randomusername] was created
